[Thu Mar 26 11:59:36 2020] "confirmOrder.php" Creating Client.
[Thu Mar 26 11:59:36 2020] "confirmOrder.php" Client Created.
[Thu Mar 26 11:59:36 2020] "confirmOrder.php" Fetching Authorized Orders.
[Thu Mar 26 15:02:22 2020] "createOrder.php" Creating User object.
[Thu Mar 26 15:02:22 2020] "createOrder.php" Adding the address of the user.
[Thu Mar 26 15:02:22 2020] "createOrder.php" Adding the information of the user.
[Thu Mar 26 15:02:22 2020] "createOrder.php" User object created.
[Thu Mar 26 15:02:22 2020] "createOrder.php" Creating ShoppingCart object.
[Thu Mar 26 15:02:22 2020] "createOrder.php" Adding the purchases of the customer, if there are any..
[Thu Mar 26 15:02:22 2020] "createOrder.php" Adding cart products. Minimum 1 required.
[Thu Mar 26 15:02:22 2020] "createOrder.php" Created OrderShoppingCart object.
[Thu Mar 26 15:02:22 2020] "createOrder.php" Creating Configuration object.
[Thu Mar 26 15:02:22 2020] "createOrder.php" Adding urls to redirect the user according each case.
[Thu Mar 26 15:02:22 2020] "createOrder.php" Adding channel info.
[Thu Mar 26 15:02:22 2020] "createOrder.php" Created Configuration object.
[Thu Mar 26 15:02:22 2020] "createOrder.php" Creating OrdersApiClient.
[Thu Mar 26 15:02:22 2020] "createOrder.php" Creating Pagantis order.
[Thu Mar 26 15:02:47 2020] "createOrder.php" Creating User object.
[Thu Mar 26 15:02:47 2020] "createOrder.php" Adding the address of the user.
[Thu Mar 26 15:02:47 2020] "createOrder.php" Adding the information of the user.
[Thu Mar 26 15:02:47 2020] "createOrder.php" User object created.
[Thu Mar 26 15:02:47 2020] "createOrder.php" Creating ShoppingCart object.
[Thu Mar 26 15:02:47 2020] "createOrder.php" Adding the purchases of the customer, if there are any..
[Thu Mar 26 15:02:47 2020] "createOrder.php" Adding cart products. Minimum 1 required.
[Thu Mar 26 15:02:47 2020] "createOrder.php" Created OrderShoppingCart object.
[Thu Mar 26 15:02:47 2020] "createOrder.php" Creating Configuration object.
[Thu Mar 26 15:02:47 2020] "createOrder.php" Adding urls to redirect the user according each case.
[Thu Mar 26 15:02:47 2020] "createOrder.php" Adding channel info.
[Thu Mar 26 15:02:47 2020] "createOrder.php" Created Configuration object.
[Thu Mar 26 15:02:47 2020] "createOrder.php" Creating OrdersApiClient.
[Thu Mar 26 15:02:47 2020] "createOrder.php" Creating Pagantis order.
[Thu Mar 26 15:03:59 2020] "createOrder.php" Creating User object.
[Thu Mar 26 15:03:59 2020] "createOrder.php" Adding the address of the user.
[Thu Mar 26 15:03:59 2020] "createOrder.php" Adding the information of the user.
[Thu Mar 26 15:03:59 2020] "createOrder.php" User object created.
[Thu Mar 26 15:03:59 2020] "createOrder.php" Creating ShoppingCart object.
[Thu Mar 26 15:03:59 2020] "createOrder.php" Adding the purchases of the customer, if there are any..
[Thu Mar 26 15:03:59 2020] "createOrder.php" Adding cart products. Minimum 1 required.
[Thu Mar 26 15:03:59 2020] "createOrder.php" Created OrderShoppingCart object.
[Thu Mar 26 15:03:59 2020] "createOrder.php" Creating Configuration object.
[Thu Mar 26 15:03:59 2020] "createOrder.php" Adding urls to redirect the user according each case.
[Thu Mar 26 15:03:59 2020] "createOrder.php" Adding channel info.
[Thu Mar 26 15:03:59 2020] "createOrder.php" Created Configuration object.
[Thu Mar 26 15:03:59 2020] "createOrder.php" Creating OrdersApiClient.
[Thu Mar 26 15:03:59 2020] "createOrder.php" Creating Pagantis order.
[Thu Mar 26 15:23:15 2020] "createOrder.php" Creating User object.
[Thu Mar 26 15:23:15 2020] "createOrder.php" Adding the address of the user.
[Thu Mar 26 15:23:15 2020] "createOrder.php" Adding the information of the user.
[Thu Mar 26 15:23:15 2020] "createOrder.php" User object created.
[Thu Mar 26 15:23:15 2020] "createOrder.php" Creating ShoppingCart object.
[Thu Mar 26 15:23:15 2020] "createOrder.php" Adding the purchases of the customer, if there are any..
[Thu Mar 26 15:23:15 2020] "createOrder.php" Adding cart products. Minimum 1 required.
[Thu Mar 26 15:23:15 2020] "createOrder.php" Created OrderShoppingCart object.
[Thu Mar 26 15:23:15 2020] "createOrder.php" Creating Configuration object.
[Thu Mar 26 15:23:15 2020] "createOrder.php" Adding urls to redirect the user according each case.
[Thu Mar 26 15:23:15 2020] "createOrder.php" Adding channel info.
[Thu Mar 26 15:23:15 2020] "createOrder.php" Created Configuration object.
[Thu Mar 26 15:23:15 2020] "createOrder.php" Creating OrdersApiClient.
[Thu Mar 26 15:23:15 2020] "createOrder.php" Creating Pagantis order.
[Thu Mar 26 15:24:15 2020] "createOrder.php" Creating User object.
[Thu Mar 26 15:24:15 2020] "createOrder.php" Adding the address of the user.
[Thu Mar 26 15:24:15 2020] "createOrder.php" Adding the information of the user.
[Thu Mar 26 15:24:15 2020] "createOrder.php" User object created.
[Thu Mar 26 15:24:15 2020] "createOrder.php" Creating ShoppingCart object.
[Thu Mar 26 15:24:15 2020] "createOrder.php" Adding the purchases of the customer, if there are any..
[Thu Mar 26 15:24:15 2020] "createOrder.php" Adding cart products. Minimum 1 required.
[Thu Mar 26 15:24:15 2020] "createOrder.php" Created OrderShoppingCart object.
[Thu Mar 26 15:24:15 2020] "createOrder.php" Creating Configuration object.
[Thu Mar 26 15:24:15 2020] "createOrder.php" Adding urls to redirect the user according each case.
[Thu Mar 26 15:24:15 2020] "createOrder.php" Adding channel info.
[Thu Mar 26 15:24:15 2020] "createOrder.php" Created Configuration object.
[Thu Mar 26 15:24:15 2020] "createOrder.php" Creating OrdersApiClient.
[Thu Mar 26 15:24:15 2020] "createOrder.php" .
[Thu Mar 26 15:24:15 2020] "createOrder.php" Creating Pagantis order.
[Thu Mar 26 15:24:32 2020] "createOrder.php" Creating User object.
[Thu Mar 26 15:24:32 2020] "createOrder.php" Adding the address of the user.
[Thu Mar 26 15:24:32 2020] "createOrder.php" Adding the information of the user.
[Thu Mar 26 15:24:32 2020] "createOrder.php" User object created.
[Thu Mar 26 15:24:32 2020] "createOrder.php" Creating ShoppingCart object.
[Thu Mar 26 15:24:32 2020] "createOrder.php" Adding the purchases of the customer, if there are any..
[Thu Mar 26 15:24:32 2020] "createOrder.php" Adding cart products. Minimum 1 required.
[Thu Mar 26 15:24:32 2020] "createOrder.php" Created OrderShoppingCart object.
[Thu Mar 26 15:24:32 2020] "createOrder.php" Creating Configuration object.
[Thu Mar 26 15:24:32 2020] "createOrder.php" Adding urls to redirect the user according each case.
[Thu Mar 26 15:24:32 2020] "createOrder.php" Adding channel info.
[Thu Mar 26 15:24:32 2020] "createOrder.php" Created Configuration object.
[Thu Mar 26 15:24:32 2020] "createOrder.php" Creating OrdersApiClient.
[Thu Mar 26 15:24:32 2020] "createOrder.php" null.
[Thu Mar 26 15:24:32 2020] "createOrder.php" Creating Pagantis order.
[Thu Mar 26 15:25:00 2020] "createOrder.php" Creating User object.
[Thu Mar 26 15:25:00 2020] "createOrder.php" Adding the address of the user.
[Thu Mar 26 15:25:00 2020] "createOrder.php" Adding the information of the user.
[Thu Mar 26 15:25:00 2020] "createOrder.php" User object created.
[Thu Mar 26 15:25:00 2020] "createOrder.php" Creating ShoppingCart object.
[Thu Mar 26 15:25:00 2020] "createOrder.php" Adding the purchases of the customer, if there are any..
[Thu Mar 26 15:25:00 2020] "createOrder.php" Adding cart products. Minimum 1 required.
[Thu Mar 26 15:25:00 2020] "createOrder.php" Created OrderShoppingCart object.
[Thu Mar 26 15:25:00 2020] "createOrder.php" Creating Configuration object.
[Thu Mar 26 15:25:00 2020] "createOrder.php" Adding urls to redirect the user according each case.
[Thu Mar 26 15:25:00 2020] "createOrder.php" Adding channel info.
[Thu Mar 26 15:25:00 2020] "createOrder.php" Created Configuration object.
[Thu Mar 26 15:25:00 2020] "createOrder.php" Creating OrdersApiClient.
[Thu Mar 26 15:25:00 2020] "createOrder.php" false.
[Thu Mar 26 15:25:00 2020] "createOrder.php" Creating Pagantis order.
[Thu Mar 26 15:36:30 2020] "createOrder.php" Creating User object.
[Thu Mar 26 15:36:30 2020] "createOrder.php" Adding the address of the user.
[Thu Mar 26 15:36:30 2020] "createOrder.php" Adding the information of the user.
[Thu Mar 26 15:36:30 2020] "createOrder.php" User object created.
[Thu Mar 26 15:36:30 2020] "createOrder.php" Creating ShoppingCart object.
[Thu Mar 26 15:36:30 2020] "createOrder.php" Adding the purchases of the customer, if there are any..
[Thu Mar 26 15:36:30 2020] "createOrder.php" Adding cart products. Minimum 1 required.
[Thu Mar 26 15:36:30 2020] "createOrder.php" Created OrderShoppingCart object.
[Thu Mar 26 15:36:30 2020] "createOrder.php" Creating Configuration object.
[Thu Mar 26 15:36:30 2020] "createOrder.php" Adding urls to redirect the user according each case.
[Thu Mar 26 15:36:30 2020] "createOrder.php" Adding channel info.
[Thu Mar 26 15:36:30 2020] "createOrder.php" Created Configuration object.
[Thu Mar 26 15:44:48 2020] "createOrder.php" Creating User object.
[Thu Mar 26 15:44:48 2020] "createOrder.php" Adding the address of the user.
[Thu Mar 26 15:44:48 2020] "createOrder.php" Adding the information of the user.
[Thu Mar 26 15:44:48 2020] "createOrder.php" User object created.
[Thu Mar 26 15:44:48 2020] "createOrder.php" Creating ShoppingCart object.
[Thu Mar 26 15:44:48 2020] "createOrder.php" Adding the purchases of the customer, if there are any..
[Thu Mar 26 15:44:48 2020] "createOrder.php" Adding cart products. Minimum 1 required.
[Thu Mar 26 15:44:48 2020] "createOrder.php" Created OrderShoppingCart object.
[Thu Mar 26 15:44:48 2020] "createOrder.php" Creating Configuration object.
[Thu Mar 26 15:44:48 2020] "createOrder.php" Adding urls to redirect the user according each case.
[Thu Mar 26 15:44:48 2020] "createOrder.php" Adding channel info.
[Thu Mar 26 15:44:48 2020] "createOrder.php" Created Configuration object.
[Thu Mar 26 15:55:49 2020] "createOrder.php" Creating User object.
[Thu Mar 26 15:55:49 2020] "createOrder.php" Adding the address of the user.
[Thu Mar 26 15:55:49 2020] "createOrder.php" Adding the information of the user.
[Thu Mar 26 15:55:49 2020] "createOrder.php" User object created.
[Thu Mar 26 15:55:49 2020] "createOrder.php" Creating ShoppingCart object.
[Thu Mar 26 15:55:49 2020] "createOrder.php" Adding the purchases of the customer, if there are any..
[Thu Mar 26 15:55:49 2020] "createOrder.php" Adding cart products. Minimum 1 required.
[Thu Mar 26 15:55:49 2020] "createOrder.php" Created OrderShoppingCart object.
[Thu Mar 26 15:55:49 2020] "createOrder.php" Creating Configuration object.
[Thu Mar 26 15:55:49 2020] "createOrder.php" Adding urls to redirect the user according each case.
[Thu Mar 26 15:55:49 2020] "createOrder.php" Adding channel info.
[Thu Mar 26 15:55:49 2020] "createOrder.php" Created Configuration object.
[Thu Mar 26 15:55:50 2020] "createOrder.php" {"shopping_cart":{"order_reference":"order_4159972708","deprecated_order_description":null,"total_amount":59999,"promoted_amount":0,"details":{"shipping_cost":0,"products":[{"description":"TV LG UltraPlasma","quantity":1,"amount":59999}]}},"user":{"full_name":"María Sanchez Escudero","email":"user@my-shop.com","dni":"59661738Z","national_id":"59661738Z","tax_id":"59661738Z","fix_phone":"911231234","mobile_phone":"600123123","address":{"full_name":"María Sanchez Escudero","address":"Paseo de la Castellana, 95","city":"Madrid","zip_code":"28031","country_code":"ES"},"date_of_birth":"1985-12-30","billing_address":{"full_name":"María Sanchez Escudero","address":"Paseo de la Castellana, 95","city":"Madrid","zip_code":"28031","country_code":"ES","dni":"59661738Z","national_id":"59661738Z","tax_id":"59661738Z","fix_phone":"911231234","mobile_phone":"600123123"},"shipping_address":{"full_name":"Alberto Escudero Sanchez","address":"Avenida de la diagonal 525","city":"Barcelona","zip_code":"08029","country_code":"ES","dni":"77695544A","national_id":"59661738Z","tax_id":"77695544A","fix_phone":"931232345","mobile_phone":"600123124"},"truncated":false,"order_history":[{"date":"2010-01-31","amount":2499}]},"configuration":{"channel":{"type":"ONLINE","assisted_sale":false},"urls":{"ok":"http://0.0.0.0:8000/methods/createOrder.php?action=confirmOrder","ko":"http://0.0.0.0:8000/methods/createOrder.php?action=cancelOrder","cancel":"http://0.0.0.0:8000/methods/createOrder.php?action=cancelOrder","notification_callback":null,"authorized_notification_callback":"http://0.0.0.0:8000/methods/createOrder.php?action=confirmOrder","rejected_notification_callback":"http://0.0.0.0:8000/methods/createOrder.php?action=confirmOrder","invalidated_notification_callback":null},"purchase_country":"ES"},"grace_period":null,"grace_period_month":null,"metadata":{},"id":"5e7cd085929d29591bd89df2","api_version":"v2","status":"CREATED","created_at":"2020-03-26T15:55:49.871","confirmed_at":null,"expires_at":"2020-03-26T17:55:49.871","unconfirmed_at":null,"action_urls":{"form":"https://form.pagamastarde.com/orders/5e7cd085929d29591bd89df2"},"refunds":[]}.
[Thu Mar 26 15:55:50 2020] "createOrder.php" Creating Pagantis order.
[Thu Mar 26 15:55:50 2020] "createOrder.php" Pagantis Order Created ID: null.
[Thu Mar 26 15:57:00 2020] "createOrder.php" Creating User object.
[Thu Mar 26 15:57:00 2020] "createOrder.php" Adding the address of the user.
[Thu Mar 26 15:57:00 2020] "createOrder.php" Adding the information of the user.
[Thu Mar 26 15:57:00 2020] "createOrder.php" User object created.
[Thu Mar 26 15:57:00 2020] "createOrder.php" Creating ShoppingCart object.
[Thu Mar 26 15:57:00 2020] "createOrder.php" Adding the purchases of the customer, if there are any..
[Thu Mar 26 15:57:00 2020] "createOrder.php" Adding cart products. Minimum 1 required.
[Thu Mar 26 15:57:00 2020] "createOrder.php" Created OrderShoppingCart object.
[Thu Mar 26 15:57:00 2020] "createOrder.php" Creating Configuration object.
[Thu Mar 26 15:57:00 2020] "createOrder.php" Adding urls to redirect the user according each case.
[Thu Mar 26 15:57:00 2020] "createOrder.php" Adding channel info.
[Thu Mar 26 15:57:00 2020] "createOrder.php" Created Configuration object.
[Thu Mar 26 15:57:01 2020] "createOrder.php" {"shopping_cart":{"order_reference":"order_4159972708","deprecated_order_description":null,"total_amount":59999,"promoted_amount":0,"details":{"shipping_cost":0,"products":[{"description":"TV LG UltraPlasma","quantity":1,"amount":59999}]}},"user":{"full_name":"María Sanchez Escudero","email":"user@my-shop.com","dni":"59661738Z","national_id":"59661738Z","tax_id":"59661738Z","fix_phone":"911231234","mobile_phone":"600123123","address":{"full_name":"María Sanchez Escudero","address":"Paseo de la Castellana, 95","city":"Madrid","zip_code":"28031","country_code":"ES"},"date_of_birth":"1985-12-30","billing_address":{"full_name":"María Sanchez Escudero","address":"Paseo de la Castellana, 95","city":"Madrid","zip_code":"28031","country_code":"ES","dni":"59661738Z","national_id":"59661738Z","tax_id":"59661738Z","fix_phone":"911231234","mobile_phone":"600123123"},"shipping_address":{"full_name":"Alberto Escudero Sanchez","address":"Avenida de la diagonal 525","city":"Barcelona","zip_code":"08029","country_code":"ES","dni":"77695544A","national_id":"59661738Z","tax_id":"77695544A","fix_phone":"931232345","mobile_phone":"600123124"},"truncated":false,"order_history":[{"date":"2010-01-31","amount":2499}]},"configuration":{"channel":{"type":"ONLINE","assisted_sale":false},"urls":{"ok":"http://0.0.0.0:8000/methods/createOrder.php?action=confirmOrder","ko":"http://0.0.0.0:8000/methods/createOrder.php?action=cancelOrder","cancel":"http://0.0.0.0:8000/methods/createOrder.php?action=cancelOrder","notification_callback":null,"authorized_notification_callback":"http://0.0.0.0:8000/methods/createOrder.php?action=confirmOrder","rejected_notification_callback":"http://0.0.0.0:8000/methods/createOrder.php?action=confirmOrder","invalidated_notification_callback":null},"purchase_country":"ES"},"grace_period":null,"grace_period_month":null,"metadata":{},"id":"5e7cd0ccffcf6c418ab4af57","api_version":"v2","status":"CREATED","created_at":"2020-03-26T15:57:00.882","confirmed_at":null,"expires_at":"2020-03-26T17:57:00.882","unconfirmed_at":null,"action_urls":{"form":"https://form.pagamastarde.com/orders/5e7cd0ccffcf6c418ab4af57"},"refunds":[]}.
[Thu Mar 26 15:57:01 2020] "createOrder.php" Creating Pagantis order.
[Thu Mar 26 15:57:01 2020] "createOrder.php" Pagantis Order Created ID: null.
[Thu Mar 26 15:58:47 2020] "createOrder.php" Creating User object.
[Thu Mar 26 15:58:47 2020] "createOrder.php" Adding the address of the user.
[Thu Mar 26 15:58:47 2020] "createOrder.php" Adding the information of the user.
[Thu Mar 26 15:58:47 2020] "createOrder.php" User object created.
[Thu Mar 26 15:58:47 2020] "createOrder.php" Creating ShoppingCart object.
[Thu Mar 26 15:58:47 2020] "createOrder.php" Adding the purchases of the customer, if there are any..
[Thu Mar 26 15:58:47 2020] "createOrder.php" Adding cart products. Minimum 1 required.
[Thu Mar 26 15:58:47 2020] "createOrder.php" Created OrderShoppingCart object.
[Thu Mar 26 15:58:47 2020] "createOrder.php" Creating Configuration object.
[Thu Mar 26 15:58:47 2020] "createOrder.php" Adding urls to redirect the user according each case.
[Thu Mar 26 15:58:47 2020] "createOrder.php" Adding channel info.
[Thu Mar 26 15:58:47 2020] "createOrder.php" Created Configuration object.
[Thu Mar 26 15:58:47 2020] "createOrder.php" {"shopping_cart":{"order_reference":"order_4159972708","deprecated_order_description":null,"total_amount":59999,"promoted_amount":0,"details":{"shipping_cost":0,"products":[{"description":"TV LG UltraPlasma","quantity":1,"amount":59999}]}},"user":{"full_name":"María Sanchez Escudero","email":"user@my-shop.com","dni":"59661738Z","national_id":"59661738Z","tax_id":"59661738Z","fix_phone":"911231234","mobile_phone":"600123123","address":{"full_name":"María Sanchez Escudero","address":"Paseo de la Castellana, 95","city":"Madrid","zip_code":"28031","country_code":"ES"},"date_of_birth":"1985-12-30","billing_address":{"full_name":"María Sanchez Escudero","address":"Paseo de la Castellana, 95","city":"Madrid","zip_code":"28031","country_code":"ES","dni":"59661738Z","national_id":"59661738Z","tax_id":"59661738Z","fix_phone":"911231234","mobile_phone":"600123123"},"shipping_address":{"full_name":"Alberto Escudero Sanchez","address":"Avenida de la diagonal 525","city":"Barcelona","zip_code":"08029","country_code":"ES","dni":"77695544A","national_id":"59661738Z","tax_id":"77695544A","fix_phone":"931232345","mobile_phone":"600123124"},"truncated":false,"order_history":[{"date":"2010-01-31","amount":2499}]},"configuration":{"channel":{"type":"ONLINE","assisted_sale":false},"urls":{"ok":"http://0.0.0.0:8000/methods/createOrder.php?action=confirmOrder","ko":"http://0.0.0.0:8000/methods/createOrder.php?action=cancelOrder","cancel":"http://0.0.0.0:8000/methods/createOrder.php?action=cancelOrder","notification_callback":null,"authorized_notification_callback":"http://0.0.0.0:8000/methods/createOrder.php?action=confirmOrder","rejected_notification_callback":"http://0.0.0.0:8000/methods/createOrder.php?action=confirmOrder","invalidated_notification_callback":null},"purchase_country":"ES"},"grace_period":null,"grace_period_month":null,"metadata":{},"id":"5e7cd137ba77c907d80e3f7a","api_version":"v2","status":"CREATED","created_at":"2020-03-26T15:58:47.902","confirmed_at":null,"expires_at":"2020-03-26T17:58:47.902","unconfirmed_at":null,"action_urls":{"form":"https://form.pagamastarde.com/orders/5e7cd137ba77c907d80e3f7a"},"refunds":[]}.
[Thu Mar 26 15:58:47 2020] "createOrder.php" Creating Pagantis order.
[Thu Mar 26 16:01:01 2020] "createOrder.php" Creating User object.
[Thu Mar 26 16:01:01 2020] "createOrder.php" Adding the address of the user.
[Thu Mar 26 16:01:01 2020] "createOrder.php" Adding the information of the user.
[Thu Mar 26 16:01:01 2020] "createOrder.php" User object created.
[Thu Mar 26 16:01:01 2020] "createOrder.php" Creating ShoppingCart object.
[Thu Mar 26 16:01:01 2020] "createOrder.php" Adding the purchases of the customer, if there are any..
[Thu Mar 26 16:01:01 2020] "createOrder.php" Adding cart products. Minimum 1 required.
[Thu Mar 26 16:01:01 2020] "createOrder.php" Created OrderShoppingCart object.
[Thu Mar 26 16:01:01 2020] "createOrder.php" Creating Configuration object.
[Thu Mar 26 16:01:01 2020] "createOrder.php" Adding urls to redirect the user according each case.
[Thu Mar 26 16:01:01 2020] "createOrder.php" Adding channel info.
[Thu Mar 26 16:01:01 2020] "createOrder.php" Created Configuration object.
[Thu Mar 26 16:01:27 2020] "createOrder.php" Creating User object.
[Thu Mar 26 16:01:27 2020] "createOrder.php" Adding the address of the user.
[Thu Mar 26 16:01:27 2020] "createOrder.php" Adding the information of the user.
[Thu Mar 26 16:01:27 2020] "createOrder.php" User object created.
[Thu Mar 26 16:01:27 2020] "createOrder.php" Creating ShoppingCart object.
[Thu Mar 26 16:01:27 2020] "createOrder.php" Adding the purchases of the customer, if there are any..
[Thu Mar 26 16:01:27 2020] "createOrder.php" Adding cart products. Minimum 1 required.
[Thu Mar 26 16:01:27 2020] "createOrder.php" Created OrderShoppingCart object.
[Thu Mar 26 16:01:27 2020] "createOrder.php" Creating Configuration object.
[Thu Mar 26 16:01:27 2020] "createOrder.php" Adding urls to redirect the user according each case.
[Thu Mar 26 16:01:27 2020] "createOrder.php" Adding channel info.
[Thu Mar 26 16:01:27 2020] "createOrder.php" Created Configuration object.
[Thu Mar 26 16:01:27 2020] "createOrder.php" {}.
[Thu Mar 26 16:01:27 2020] "createOrder.php" Creating Pagantis order.
[Thu Mar 26 16:01:27 2020] "createOrder.php" Processing order5e7cd1d7ba77c907d80e3f82.
[Thu Mar 26 16:01:27 2020] "createOrder.php" {
    "action_urls": {
        "form": "https://form.pagamastarde.com/orders/5e7cd1d7ba77c907d80e3f82"
    },
    "api_version": "v2",
    "configuration": {
        "channel": {
            "type": "ONLINE",
            "assisted_sale": false
        },
        "urls": {
            "cancel": "http://0.0.0.0:8000/methods/createOrder.php?action=cancelOrder",
            "ko": "http://0.0.0.0:8000/methods/createOrder.php?action=cancelOrder",
            "authorized_notification_callback": "http://0.0.0.0:8000/methods/createOrder.php?action=confirmOrder",
            "rejected_notification_callback": "http://0.0.0.0:8000/methods/createOrder.php?action=confirmOrder",
            "ok": "http://0.0.0.0:8000/methods/createOrder.php?action=confirmOrder"
        },
        "purchase_country": "ES"
    },
    "created_at": "2020-03-26T04:01:27",
    "expires_at": "2020-03-26T06:01:27",
    "id": "5e7cd1d7ba77c907d80e3f82",
    "metadata": {},
    "refunds": [],
    "shopping_cart": {
        "details": {
            "products": [
                {
                    "amount": 59999,
                    "description": "TV LG UltraPlasma",
                    "quantity": 1
                }
            ],
            "shipping_cost": 0
        },
        "order_reference": "order_4159972708",
        "promoted_amount": 0,
        "total_amount": 59999
    },
    "status": "CREATED",
    "user": {
        "address": {
            "address": "Paseo de la Castellana, 95",
            "city": "Madrid",
            "country_code": "ES",
            "full_name": "María Sanchez Escudero",
            "zip_code": "28031"
        },
        "billing_address": {
            "address": "Paseo de la Castellana, 95",
            "city": "Madrid",
            "country_code": "ES",
            "full_name": "María Sanchez Escudero",
            "zip_code": "28031",
            "dni": "59661738Z",
            "fix_phone": "911231234",
            "mobile_phone": "600123123",
            "tax_id": "59661738Z",
            "national_id": "59661738Z"
        },
        "date_of_birth": "1985-12-30",
        "dni": "59661738Z",
        "email": "user@my-shop.com",
        "fix_phone": "911231234",
        "full_name": "María Sanchez Escudero",
        "mobile_phone": "600123123",
        "tax_id": "59661738Z",
        "national_id": "59661738Z",
        "order_history": [
            {
                "amount": 2499,
                "date": "2010-01-31"
            }
        ],
        "shipping_address": {
            "address": "Avenida de la diagonal 525",
            "city": "Barcelona",
            "country_code": "ES",
            "full_name": "Alberto Escudero Sanchez",
            "zip_code": "08029",
            "dni": "77695544A",
            "fix_phone": "931232345",
            "mobile_phone": "600123124",
            "tax_id": "77695544A",
            "national_id": "59661738Z"
        },
        "truncated": false
    }
}.
[Thu Mar 26 16:01:27 2020] "createOrder.php" Redirecting to Pagantis form => https://form.pagamastarde.com/orders/5e7cd1d7ba77c907d80e3f82.
[Fri Mar 27 11:15:13 2020] "createOrder.php" Creating User object.
[Fri Mar 27 11:15:13 2020] "createOrder.php" Adding the address of the user.
[Fri Mar 27 11:15:13 2020] "createOrder.php" Adding the information of the user.
[Fri Mar 27 11:15:13 2020] "createOrder.php" User object created.
[Fri Mar 27 11:15:13 2020] "createOrder.php" Creating ShoppingCart object.
[Fri Mar 27 11:15:13 2020] "createOrder.php" Adding the purchases of the customer, if there are any..
[Fri Mar 27 11:15:13 2020] "createOrder.php" Adding cart products. Minimum 1 required.
[Fri Mar 27 11:15:13 2020] "createOrder.php" Created OrderShoppingCart object.
[Fri Mar 27 11:15:13 2020] "createOrder.php" Creating Configuration object.
[Fri Mar 27 11:15:13 2020] "createOrder.php" Adding urls to redirect the user according each case.
[Fri Mar 27 11:15:13 2020] "createOrder.php" Adding channel info.
[Fri Mar 27 11:15:13 2020] "createOrder.php" Created Configuration object.
[Fri Mar 27 11:15:14 2020] "createOrder.php" {}.
[Fri Mar 27 11:15:14 2020] "createOrder.php" Creating Pagantis order.
[Fri Mar 27 11:15:14 2020] "createOrder.php" Processing order 5e7de043ba77c907d80e4345.
[Fri Mar 27 11:15:14 2020] "createOrder.php" {
    "action_urls": {
        "form": "https://form.pagamastarde.com/orders/5e7de043ba77c907d80e4345"
    },
    "api_version": "v2",
    "configuration": {
        "channel": {
            "type": "ONLINE",
            "assisted_sale": false
        },
        "urls": {
            "cancel": "http://0.0.0.0:8000/methods/createOrder.php?action=cancelOrder",
            "ko": "http://0.0.0.0:8000/methods/createOrder.php?action=cancelOrder",
            "authorized_notification_callback": "http://0.0.0.0:8000/methods/createOrder.php?action=confirmOrder",
            "rejected_notification_callback": "http://0.0.0.0:8000/methods/createOrder.php?action=confirmOrder",
            "ok": "http://0.0.0.0:8000/methods/createOrder.php?action=confirmOrder"
        },
        "purchase_country": "ES"
    },
    "created_at": "2020-03-27T11:15:15",
    "expires_at": "2020-03-27T01:15:15",
    "id": "5e7de043ba77c907d80e4345",
    "metadata": {},
    "refunds": [],
    "shopping_cart": {
        "details": {
            "products": [
                {
                    "amount": 59999,
                    "description": "TV LG UltraPlasma",
                    "quantity": 1
                }
            ],
            "shipping_cost": 0
        },
        "order_reference": "order_4159972708",
        "promoted_amount": 0,
        "total_amount": 59999
    },
    "status": "CREATED",
    "user": {
        "address": {
            "address": "Paseo de la Castellana, 95",
            "city": "Madrid",
            "country_code": "ES",
            "full_name": "María Sanchez Escudero",
            "zip_code": "28031"
        },
        "billing_address": {
            "address": "Paseo de la Castellana, 95",
            "city": "Madrid",
            "country_code": "ES",
            "full_name": "María Sanchez Escudero",
            "zip_code": "28031",
            "dni": "59661738Z",
            "fix_phone": "911231234",
            "mobile_phone": "600123123",
            "tax_id": "59661738Z",
            "national_id": "59661738Z"
        },
        "date_of_birth": "1985-12-30",
        "dni": "59661738Z",
        "email": "user@my-shop.com",
        "fix_phone": "911231234",
        "full_name": "María Sanchez Escudero",
        "mobile_phone": "600123123",
        "tax_id": "59661738Z",
        "national_id": "59661738Z",
        "order_history": [
            {
                "amount": 2499,
                "date": "2010-01-31"
            }
        ],
        "shipping_address": {
            "address": "Avenida de la diagonal 525",
            "city": "Barcelona",
            "country_code": "ES",
            "full_name": "Alberto Escudero Sanchez",
            "zip_code": "08029",
            "dni": "77695544A",
            "fix_phone": "931232345",
            "mobile_phone": "600123124",
            "tax_id": "77695544A",
            "national_id": "59661738Z"
        },
        "truncated": false
    }
}.
[Fri Mar 27 11:15:14 2020] "createOrder.php" Redirecting to Pagantis form => https://form.pagamastarde.com/orders/5e7de043ba77c907d80e4345.
[Fri Mar 27 11:15:28 2020] "createOrder.php" Method->action cancelOrder.
[Fri Mar 27 11:15:28 2020] "createOrder.php" The order 5e7de043ba77c907d80e4345 can't be created.
[Fri Mar 27 11:29:45 2020] "createOrder.php" Creating User object.
[Fri Mar 27 11:29:45 2020] "createOrder.php" Adding the address of the user.
[Fri Mar 27 11:29:45 2020] "createOrder.php" Adding the information of the user.
[Fri Mar 27 11:29:45 2020] "createOrder.php" User object created.
[Fri Mar 27 11:29:45 2020] "createOrder.php" Creating ShoppingCart object.
[Fri Mar 27 11:29:45 2020] "createOrder.php" Adding the purchases of the customer, if there are any..
[Fri Mar 27 11:29:45 2020] "createOrder.php" Adding cart products. Minimum 1 required.
[Fri Mar 27 11:29:45 2020] "createOrder.php" Created OrderShoppingCart object.
[Fri Mar 27 11:29:45 2020] "createOrder.php" Creating Configuration object.
[Fri Mar 27 11:29:45 2020] "createOrder.php" Adding urls to redirect the user according each case.
[Fri Mar 27 11:29:45 2020] "createOrder.php" Adding channel info.
[Fri Mar 27 11:29:45 2020] "createOrder.php" Created Configuration object.
[Fri Mar 27 11:32:06 2020] "createOrder.php" Creating User object.
[Fri Mar 27 11:32:06 2020] "createOrder.php" Adding the address of the user.
[Fri Mar 27 11:32:06 2020] "createOrder.php" Adding the information of the user.
[Fri Mar 27 11:32:06 2020] "createOrder.php" User object created.
[Fri Mar 27 11:32:06 2020] "createOrder.php" Creating ShoppingCart object.
[Fri Mar 27 11:32:06 2020] "createOrder.php" Adding the purchases of the customer, if there are any..
[Fri Mar 27 11:32:06 2020] "createOrder.php" Adding cart products. Minimum 1 required.
[Fri Mar 27 11:32:06 2020] "createOrder.php" Created OrderShoppingCart object.
[Fri Mar 27 11:32:06 2020] "createOrder.php" Creating Configuration object.
[Fri Mar 27 11:32:06 2020] "createOrder.php" Adding urls to redirect the user according each case.
[Fri Mar 27 11:32:06 2020] "createOrder.php" Adding channel info.
[Fri Mar 27 11:32:06 2020] "createOrder.php" Created Configuration object.
[Fri Mar 27 11:32:16 2020] "createOrder.php" Creating User object.
[Fri Mar 27 11:32:16 2020] "createOrder.php" Adding the address of the user.
[Fri Mar 27 11:32:16 2020] "createOrder.php" Adding the information of the user.
[Fri Mar 27 11:32:16 2020] "createOrder.php" User object created.
[Fri Mar 27 11:32:16 2020] "createOrder.php" Creating ShoppingCart object.
[Fri Mar 27 11:32:16 2020] "createOrder.php" Adding the purchases of the customer, if there are any..
[Fri Mar 27 11:32:16 2020] "createOrder.php" Adding cart products. Minimum 1 required.
[Fri Mar 27 11:32:16 2020] "createOrder.php" Created OrderShoppingCart object.
[Fri Mar 27 11:32:16 2020] "createOrder.php" Creating Configuration object.
[Fri Mar 27 11:32:16 2020] "createOrder.php" Adding urls to redirect the user according each case.
[Fri Mar 27 11:32:16 2020] "createOrder.php" Adding channel info.
[Fri Mar 27 11:32:16 2020] "createOrder.php" Created Configuration object.
[Fri Mar 27 11:55:26 2020] "createOrder.php" Creating User object.
[Fri Mar 27 11:55:26 2020] "createOrder.php" Adding the address of the user.
[Fri Mar 27 11:55:26 2020] "createOrder.php" Adding the information of the user.
[Fri Mar 27 11:55:26 2020] "createOrder.php" User object created.
[Fri Mar 27 11:55:26 2020] "createOrder.php" Creating ShoppingCart object.
[Fri Mar 27 11:55:26 2020] "createOrder.php" Adding the purchases of the customer, if there are any..
[Fri Mar 27 11:55:26 2020] "createOrder.php" Adding cart products. Minimum 1 required.
[Fri Mar 27 11:55:26 2020] "createOrder.php" Created OrderShoppingCart object.
[Fri Mar 27 11:55:26 2020] "createOrder.php" Creating Configuration object.
[Fri Mar 27 11:55:26 2020] "createOrder.php" Adding urls to redirect the user according each case.
[Fri Mar 27 11:55:26 2020] "createOrder.php" Adding channel info.
[Fri Mar 27 11:55:26 2020] "createOrder.php" Created Configuration object.
[Fri Mar 27 14:08:31 2020] "createOrder.php" Creating User object.
[Fri Mar 27 14:08:31 2020] "createOrder.php" Adding the address of the user.
[Fri Mar 27 14:08:31 2020] "createOrder.php" Adding the information of the user.
[Fri Mar 27 14:08:31 2020] "createOrder.php" User object created.
[Fri Mar 27 14:08:31 2020] "createOrder.php" Creating ShoppingCart object.
[Fri Mar 27 14:08:31 2020] "createOrder.php" Adding the purchases of the customer, if there are any..
[Fri Mar 27 14:08:31 2020] "createOrder.php" Adding cart products. Minimum 1 required.
[Fri Mar 27 14:08:31 2020] "createOrder.php" Created OrderShoppingCart object.
[Fri Mar 27 14:08:31 2020] "createOrder.php" Creating Configuration object.
[Fri Mar 27 14:08:31 2020] "createOrder.php" Adding urls to redirect the user according each case.
[Fri Mar 27 14:08:31 2020] "createOrder.php" Adding channel info.
[Fri Mar 27 14:08:31 2020] "createOrder.php" Created Configuration object.
